<?xml version="1.0" encoding="UTF-8"?>
<!-- Generated by org.testng.reporters.JUnitXMLReporter -->
<testsuite hostname="NODE105" name="Command line test" tests="2" failures="1" timestamp="3 Sep 2016 14:15:33 GMT" time="114.079" errors="0">
  <testcase name="rodanFieldsTest1" time="48.589" classname="Mave_Project.RodanTest"/>
  <testcase name="rodanFieldsTest2" time="57.225" classname="Mave_Project.RodanTest">
    <failure type="java.lang.AssertionError" message="Names do not match expected [michael brand] but found [Michael Brand]">
      <![CDATA[java.lang.AssertionError: Names do not match expected [michael brand] but found [Michael Brand]
	at Mave_Project.RodanTest.rodanFieldsTest2(RodanTest.java:62)
... Removed 37 stack frames]]>
    </failure>
  </testcase> <!-- rodanFieldsTest2 -->
</testsuite> <!-- Command line test -->
