<?xml version="1.0" encoding="UTF-8"?>
<testng-results skipped="0" failed="1" total="2" passed="1">
  <reporter-output>
  </reporter-output>
  <suite name="Mave_Project.RodanTest" duration-ms="114079" started-at="2016-09-03T14:13:39Z" finished-at="2016-09-03T14:15:33Z">
    <groups>
    </groups>
    <test name="Command line test" duration-ms="114079" started-at="2016-09-03T14:13:39Z" finished-at="2016-09-03T14:15:33Z">
      <class name="Mave_Project.RodanTest">
        <test-method status="PASS" signature="setUp()[pri:0, instance:Mave_Project.RodanTest@b2c6b61]" name="setUp" is-config="true" duration-ms="7100" started-at="2016-09-03T19:43:39Z" finished-at="2016-09-03T19:43:46Z">
          <reporter-output>
          </reporter-output>
        </test-method> <!-- setUp -->
        <test-method status="PASS" signature="rodanFieldsTest1()[pri:0, instance:Mave_Project.RodanTest@b2c6b61]" name="rodanFieldsTest1" duration-ms="48589" started-at="2016-09-03T19:43:46Z" finished-at="2016-09-03T19:44:35Z">
          <reporter-output>
          </reporter-output>
        </test-method> <!-- rodanFieldsTest1 -->
        <test-method status="FAIL" signature="rodanFieldsTest2()[pri:0, instance:Mave_Project.RodanTest@b2c6b61]" name="rodanFieldsTest2" duration-ms="57225" started-at="2016-09-03T19:44:36Z" finished-at="2016-09-03T19:45:33Z">
          <exception class="java.lang.AssertionError">
            <message>
              <![CDATA[Names do not match expected [michael brand] but found [Michael Brand]]]>
            </message>
            <full-stacktrace>
              <![CDATA[java.lang.AssertionError: Names do not match expected [michael brand] but found [Michael Brand]
	at org.testng.Assert.fail(Assert.java:94)
	at org.testng.Assert.failNotEquals(Assert.java:496)
	at org.testng.Assert.assertEquals(Assert.java:125)
	at org.testng.Assert.assertEquals(Assert.java:178)
	at Mave_Project.RodanTest.rodanFieldsTest2(RodanTest.java:62)
	at sun.reflect.NativeMethodAccessorImpl.invoke0(Native Method)
	at sun.reflect.NativeMethodAccessorImpl.invoke(NativeMethodAccessorImpl.java:57)
	at sun.reflect.DelegatingMethodAccessorImpl.invoke(DelegatingMethodAccessorImpl.java:43)
	at java.lang.reflect.Method.invoke(Method.java:606)
	at org.testng.internal.MethodInvocationHelper.invokeMethod(MethodInvocationHelper.java:85)
	at org.testng.internal.Invoker.invokeMethod(Invoker.java:639)
	at org.testng.internal.Invoker.invokeTestMethod(Invoker.java:816)
	at org.testng.internal.Invoker.invokeTestMethods(Invoker.java:1124)
	at org.testng.internal.TestMethodWorker.invokeTestMethods(TestMethodWorker.java:125)
	at org.testng.internal.TestMethodWorker.run(TestMethodWorker.java:108)
	at org.testng.TestRunner.privateRun(TestRunner.java:774)
	at org.testng.TestRunner.run(TestRunner.java:624)
	at org.testng.SuiteRunner.runTest(SuiteRunner.java:359)
	at org.testng.SuiteRunner.runSequentially(SuiteRunner.java:354)
	at org.testng.SuiteRunner.privateRun(SuiteRunner.java:312)
	at org.testng.SuiteRunner.run(SuiteRunner.java:261)
	at org.testng.SuiteRunnerWorker.runSuite(SuiteRunnerWorker.java:52)
	at org.testng.SuiteRunnerWorker.run(SuiteRunnerWorker.java:86)
	at org.testng.TestNG.runSuitesSequentially(TestNG.java:1215)
	at org.testng.TestNG.runSuitesLocally(TestNG.java:1140)
	at org.testng.TestNG.run(TestNG.java:1048)
	at org.apache.maven.surefire.testng.TestNGExecutor.run(TestNGExecutor.java:70)
	at org.apache.maven.surefire.testng.TestNGDirectoryTestSuite.execute(TestNGDirectoryTestSuite.java:109)
	at org.apache.maven.surefire.testng.TestNGProvider.invoke(TestNGProvider.java:111)
	at sun.reflect.NativeMethodAccessorImpl.invoke0(Native Method)
	at sun.reflect.NativeMethodAccessorImpl.invoke(NativeMethodAccessorImpl.java:57)
	at sun.reflect.DelegatingMethodAccessorImpl.invoke(DelegatingMethodAccessorImpl.java:43)
	at java.lang.reflect.Method.invoke(Method.java:606)
	at org.apache.maven.surefire.util.ReflectionUtils.invokeMethodWithArray(ReflectionUtils.java:164)
	at org.apache.maven.surefire.booter.ProviderFactory$ProviderProxy.invoke(ProviderFactory.java:110)
	at org.apache.maven.surefire.booter.SurefireStarter.invokeProvider(SurefireStarter.java:175)
	at org.apache.maven.surefire.booter.SurefireStarter.runSuitesInProcessWhenForked(SurefireStarter.java:107)
	at org.apache.maven.surefire.booter.ForkedBooter.main(ForkedBooter.java:68)
]]>
            </full-stacktrace>
          </exception> <!-- java.lang.AssertionError -->
          <reporter-output>
          </reporter-output>
        </test-method> <!-- rodanFieldsTest2 -->
      </class> <!-- Mave_Project.RodanTest -->
    </test> <!-- Command line test -->
  </suite> <!-- Mave_Project.RodanTest -->
</testng-results>
