<?xml version="1.0" encoding="UTF-8"?>
<!-- Generated by org.testng.reporters.JUnitXMLReporter -->
<testsuite hostname="NODE105" name="testGuru" tests="2" failures="1" timestamp="3 Sep 2016 15:59:13 GMT" time="117.402" errors="0">
  <testcase name="rodanFieldsTest1" time="50.92" classname="Mave_Project.RodanTest"/>
  <testcase name="rodanFieldsTest2" time="58.574" classname="Mave_Project.RodanTest">
    <failure type="java.lang.AssertionError" message="Names do not match expected [michael brand] but found [Michael Brand]">
      <![CDATA[java.lang.AssertionError: Names do not match expected [michael brand] but found [Michael Brand]
	at Mave_Project.RodanTest.rodanFieldsTest2(RodanTest.java:62)
	at java.util.concurrent.FutureTask.run(FutureTask.java:262)
	at java.util.concurrent.ThreadPoolExecutor.runWorker(ThreadPoolExecutor.java:1145)
	at java.util.concurrent.ThreadPoolExecutor$Worker.run(ThreadPoolExecutor.java:615)
	at java.lang.Thread.run(Thread.java:745)
... Removed 20 stack frames]]>
    </failure>
  </testcase> <!-- rodanFieldsTest2 -->
</testsuite> <!-- testGuru -->
